Configuration file: /Users/luowei/projects/luowei.github.io/_config.yml
[33m       Deprecation: The 'gems' configuration option has been renamed to 'plugins'. Please update your config file accordingly.[0m
            Source: /Users/luowei/projects/luowei.github.io
       Destination: /Users/luowei/projects/luowei.github.io/_site
 Incremental build: enabled
      Generating... 
                    done in 2.893 seconds.
 Auto-regeneration: enabled for '/Users/luowei/projects/luowei.github.io'
  JekyllAdmin mode: production
    Server address: http://127.0.0.1:4000
  Server running... press ctrl-c to stop.
Configuration file: /Users/luowei/projects/luowei.github.io/_config.yml
[33m       Deprecation: The 'gems' configuration option has been renamed to 'plugins'. Please update your config file accordingly.[0m
Configuration file: /Users/luowei/projects/luowei.github.io/_config.yml
Configuration file: /Users/luowei/projects/luowei.github.io/_config.yml
[33m       Deprecation: The 'gems' configuration option has been renamed to 'plugins'. Please update your config file accordingly.[0m
            Source: /Users/luowei/projects/luowei.github.io
       Destination: /Users/luowei/projects/luowei.github.io/_site
 Incremental build: enabled
      Generating... 
                    done in 4.448 seconds.
 Auto-regeneration: enabled for '/Users/luowei/projects/luowei.github.io'
  JekyllAdmin mode: production
    Server address: http://127.0.0.1:4000
  Server running... press ctrl-c to stop.
Configuration file: /Users/luowei/projects/luowei.github.io/_config.yml
[33m       Deprecation: The 'gems' configuration option has been renamed to 'plugins'. Please update your config file accordingly.[0m
Configuration file: /Users/luowei/projects/luowei.github.io/_config.yml
Configuration file: /Users/luowei/projects/luowei.github.io/_config.yml
[33m       Deprecation: The 'gems' configuration option has been renamed to 'plugins'. Please update your config file accordingly.[0m
            Source: /Users/luowei/projects/luowei.github.io
       Destination: /Users/luowei/projects/luowei.github.io/_site
 Incremental build: enabled
      Generating... 
                    done in 3.038 seconds.
 Auto-regeneration: enabled for '/Users/luowei/projects/luowei.github.io'
  JekyllAdmin mode: production
    Server address: http://127.0.0.1:4000
  Server running... press ctrl-c to stop.
